0 info it worked if it ends with ok
1 verbose cli [ '/Users/nick-redeye/.nvm/versions/node/v6.14.3/bin/node',
1 verbose cli   '/Users/nick-redeye/.nvm/versions/node/v6.14.3/bin/npm',
1 verbose cli   'start' ]
2 info using npm@3.10.10
3 info using node@v6.14.3
4 verbose run-script [ 'prestart', 'start', 'poststart' ]
5 info lifecycle rest_api@1.0.0~prestart: rest_api@1.0.0
6 silly lifecycle rest_api@1.0.0~prestart: no script for prestart, continuing
7 info lifecycle rest_api@1.0.0~start: rest_api@1.0.0
8 verbose lifecycle rest_api@1.0.0~start: unsafe-perm in lifecycle true
9 verbose lifecycle rest_api@1.0.0~start: PATH: /Users/nick-redeye/.nvm/versions/node/v6.14.3/lib/node_modules/npm/bin/node-gyp-bin:/Users/nick-redeye/code/uqExam/webpp/node_modules/.bin:/Users/nick-redeye/.nvm/versions/node/v6.14.3/bin:/Users/nick-redeye/Downloads/flutter/bin:/Users/nick-redeye/bin:/usr/local/bin:/usr/local/bin:/usr/bin:/bin:/usr/sbin:/sbin
10 verbose lifecycle rest_api@1.0.0~start: CWD: /Users/nick-redeye/code/uqExam/webpp
11 silly lifecycle rest_api@1.0.0~start: Args: [ '-c', 'node index.js' ]
12 silly lifecycle rest_api@1.0.0~start: Returned: code: 1  signal: null
13 info lifecycle rest_api@1.0.0~start: Failed to exec start script
14 verbose stack Error: rest_api@1.0.0 start: `node index.js`
14 verbose stack Exit status 1
14 verbose stack     at EventEmitter.<anonymous> (/Users/nick-redeye/.nvm/versions/node/v6.14.3/lib/node_modules/npm/lib/utils/lifecycle.js:255:16)
14 verbose stack     at emitTwo (events.js:106:13)
14 verbose stack     at EventEmitter.emit (events.js:191:7)
14 verbose stack     at ChildProcess.<anonymous> (/Users/nick-redeye/.nvm/versions/node/v6.14.3/lib/node_modules/npm/lib/utils/spawn.js:40:14)
14 verbose stack     at emitTwo (events.js:106:13)
14 verbose stack     at ChildProcess.emit (events.js:191:7)
14 verbose stack     at maybeClose (internal/child_process.js:920:16)
14 verbose stack     at Process.ChildProcess._handle.onexit (internal/child_process.js:230:5)
15 verbose pkgid rest_api@1.0.0
16 verbose cwd /Users/nick-redeye/code/uqExam/webpp
17 error Darwin 18.0.0
18 error argv "/Users/nick-redeye/.nvm/versions/node/v6.14.3/bin/node" "/Users/nick-redeye/.nvm/versions/node/v6.14.3/bin/npm" "start"
19 error node v6.14.3
20 error npm  v3.10.10
21 error code ELIFECYCLE
22 error rest_api@1.0.0 start: `node index.js`
22 error Exit status 1
23 error Failed at the rest_api@1.0.0 start script 'node index.js'.
23 error Make sure you have the latest version of node.js and npm installed.
23 error If you do, this is most likely a problem with the rest_api package,
23 error not with npm itself.
23 error Tell the author that this fails on your system:
23 error     node index.js
23 error You can get information on how to open an issue for this project with:
23 error     npm bugs rest_api
23 error Or if that isn't available, you can get their info via:
23 error     npm owner ls rest_api
23 error There is likely additional logging output above.
24 verbose exit [ 1, true ]
